[debug] [2022-08-11T10:07:18.601Z] ----------------------------------------------------------------------
[debug] [2022-08-11T10:07:18.602Z] Command:       /opt/homebrew/Cellar/node/18.7.0/bin/node /opt/homebrew/bin/firebase deploy
[debug] [2022-08-11T10:07:18.602Z] CLI Version:   11.4.0
[debug] [2022-08-11T10:07:18.602Z] Platform:      darwin
[debug] [2022-08-11T10:07:18.602Z] Node Version:  v18.7.0
[debug] [2022-08-11T10:07:18.604Z] Time:          Thu Aug 11 2022 17:07:18 GMT+0700 (Indochina Time)
[debug] [2022-08-11T10:07:18.604Z] ----------------------------------------------------------------------
[debug] 
[debug] [2022-08-11T10:07:18.606Z] >>> [apiv2][query] GET https://firebase-public.firebaseio.com/cli.json [none]
[debug] [2022-08-11T10:07:18.644Z] > command requires scopes: ["email","openid","https://www.googleapis.com/auth/cloudplatformprojects.readonly","https://www.googleapis.com/auth/firebase","https://www.googleapis.com/auth/cloud-platform"]
[debug] [2022-08-11T10:07:18.644Z] > authorizing via signed-in user (5argon@exceed7.com)
[debug] [2022-08-11T10:07:18.645Z] [iam] checking project arkham-starter for permissions ["firebase.projects.get","firebasehosting.sites.update"]
[debug] [2022-08-11T10:07:18.645Z] > refreshing access token with scopes: []
[debug] [2022-08-11T10:07:18.646Z] >>> [apiv2][query] POST https://www.googleapis.com/oauth2/v3/token [none]
[debug] [2022-08-11T10:07:18.646Z] >>> [apiv2][body] POST https://www.googleapis.com/oauth2/v3/token [omitted]
[debug] [2022-08-11T10:07:19.024Z] <<< [apiv2][status] POST https://www.googleapis.com/oauth2/v3/token 200
[debug] [2022-08-11T10:07:19.024Z] <<< [apiv2][body] POST https://www.googleapis.com/oauth2/v3/token [omitted]
[debug] [2022-08-11T10:07:19.079Z] >>> [apiv2][query] POST https://cloudresourcemanager.googleapis.com/v1/projects/arkham-starter:testIamPermissions [none]
[debug] [2022-08-11T10:07:19.079Z] >>> [apiv2][(partial)header] POST https://cloudresourcemanager.googleapis.com/v1/projects/arkham-starter:testIamPermissions x-goog-quota-user=projects/arkham-starter
[debug] [2022-08-11T10:07:19.079Z] >>> [apiv2][body] POST https://cloudresourcemanager.googleapis.com/v1/projects/arkham-starter:testIamPermissions {"permissions":["firebase.projects.get","firebasehosting.sites.update"]}
[debug] [2022-08-11T10:07:19.413Z] <<< [apiv2][status] GET https://firebase-public.firebaseio.com/cli.json 200
[debug] [2022-08-11T10:07:19.413Z] <<< [apiv2][body] GET https://firebase-public.firebaseio.com/cli.json {"cloudBuildErrorAfter":1594252800000,"cloudBuildWarnAfter":1590019200000,"defaultNode10After":1594252800000,"minVersion":"3.0.5","node8DeploysDisabledAfter":1613390400000,"node8RuntimeDisabledAfter":1615809600000,"node8WarnAfter":1600128000000}
